<?xml version="1.0" encoding="UTF-8" standalone="yes" ?>
<test-results name="C:\Users\robsoncoutinho\Desktop\Documents\RAD Studio\Projects\Validation\Tests\Win32\Debug\TestPrjValidation.exe" total="7" errors="0" failures="0" ignored="0" inconclusive="0" not-run="0" skipped="0" invalid="0" date="2015-04-29" time="0.002">
  <environment nunit-version="DUnitX" clr-version="2.0.0.0" os-version="6.1.0.0" platform="Windows" cwd="c:\test" machine-name="mymachine" user="vincent" user-domain="finalbuilder.com"  />
  <culture-info current-culture="en" current-uiculture="en" />
  <test-suite type="Assembly" name="TestPrjValidation.exe" executed="true" result="Success" success="True" time="0.002" asserts="0">
    <results>
        <test-suite type="Namespace" name="uTestAttributes" executed="true" result="Success" success="True" time="0.001" asserts="0" >
          <results>
              <test-suite type="Fixture" name="TTestNotBlankAttribute" executed="Success" result="True" success="True" time="0.001" >
                <results>
                  <test-case name="testBlankString" executed="True" result="Success" success="True" time="0.000" asserts="0" />
                  <test-case name="testNotBlankString" executed="True" result="Success" success="True" time="0.000" asserts="0" />
                  <test-case name="testEmptyString" executed="True" result="Success" success="True" time="0.000" asserts="0" />
                </results>
              </test-suite>
          </results>
        </test-suite>
        <test-suite type="Fixture" name="TTestNotNullAttribute" executed="Success" result="True" success="True" time="0.000" >
          <results>
            <test-case name="TestNullObjectIsInvalid" executed="True" result="Success" success="True" time="0.000" asserts="0" />
            <test-case name="TestNotNullObjectIsValid" executed="True" result="Success" success="True" time="0.000" asserts="0" />
          </results>
        </test-suite>
        <test-suite type="Fixture" name="TTestNullAttribute" executed="Success" result="True" success="True" time="0.000" >
          <results>
            <test-case name="TestNullObjectIsValid" executed="True" result="Success" success="True" time="0.000" asserts="0" />
            <test-case name="TestNotNullObjectIsInvalid" executed="True" result="Success" success="True" time="0.000" asserts="0" />
          </results>
        </test-suite>
    </results>
  </test-suite>
</test-results>
