<?xml version="1.0" encoding="UTF-8" standalone="yes" ?>
<test-results name="C:\Users\robsoncoutinho\Desktop\Documents\RAD Studio\Projects\Validation\Tests\Win32\Debug\TestPrjValidation.exe" total="0" errors="0" failures="0" ignored="0" inconclusive="0" not-run="0" skipped="0" invalid="0" date="2015-04-27" time="0.000">
  <environment nunit-version="DUnitX" clr-version="2.0.0.0" os-version="6.1.0.0" platform="Windows" cwd="c:\test" machine-name="mymachine" user="vincent" user-domain="finalbuilder.com"  />
  <culture-info current-culture="en" current-uiculture="en" />
  <test-suite type="Assembly" name="TestPrjValidation.exe" executed="true" result="Success" success="True" time="0.000" asserts="0">
    <results>
    </results>
  </test-suite>
</test-results>
